Checking whether the ASM compiler is GNU using "--version" did not match "(GNU assembler)|(GCC)|(Free Software Foundation)":
Android (8490178, based on r450784d) clang version 14.0.6 (https://android.googlesource.com/toolchain/llvm-project 4c603efb0cca074e9238af8b4106c30add4418f6)
Target: x86_64-apple-darwin23.6.0
Thread model: posix
InstalledDir: /Users/bianha/Library/Android/sdk/ndk/25.1.8937393/toolchains/llvm/prebuilt/darwin-x86_64/bin
Performing C SOURCE FILE Test CMAKE_HAVE_LIBC_PTHREAD failed with the following output:
Change Dir: /Users/bianha/Desktop/chat/WeChatAutoReply/app/.cxx/Debug/7124281r/arm64-v8a/CMakeFiles/CMakeTmp

Run Build Command(s):/Users/bianha/Library/Android/sdk/cmake/3.22.1/bin/ninja cmTC_7960c && [1/2] Building C object CMakeFiles/cmTC_7960c.dir/src.c.o
/Users/bianha/Desktop/chat/WeChatAutoReply/app/.cxx/Debug/7124281r/arm64-v8a/CMakeFiles/CMakeTmp/src.c:13:3: warning: implicit declaration of function 'pthread_cancel' is invalid in C99 [-Wimplicit-function-declaration]
  pthread_cancel(thread);
  ^
1 warning generated.
[2/2] Linking C executable cmTC_7960c
FAILED: cmTC_7960c 
: && /Users/bianha/Library/Android/sdk/ndk/25.1.8937393/toolchains/llvm/prebuilt/darwin-x86_64/bin/clang --target=aarch64-none-linux-android26 --sysroot=/Users/bianha/Library/Android/sdk/ndk/25.1.8937393/toolchains/llvm/prebuilt/darwin-x86_64/sysroot -g -DANDROID -fdata-sections -ffunction-sections -funwind-tables -fstack-protector-strong -no-canonical-prefixes -D_FORTIFY_SOURCE=2 -Wformat -Werror=format-security -static-libstdc++ -Wl,--build-id=sha1 -Wl,--no-rosegment -Wl,--fatal-warnings -Wl,--gc-sections -Wl,--no-undefined -Qunused-arguments -Wl,--gc-sections CMakeFiles/cmTC_7960c.dir/src.c.o -o cmTC_7960c  -latomic -lm && :
ld: error: undefined symbol: pthread_cancel
>>> referenced by src.c:13
>>>               CMakeFiles/cmTC_7960c.dir/src.c.o:(main)
clang: error: linker command failed with exit code 1 (use -v to see invocation)
ninja: build stopped: subcommand failed.


Source file was:
#include <pthread.h>

static void* test_func(void* data)
{
  return data;
}

int main(void)
{
  pthread_t thread;
  pthread_create(&thread, NULL, test_func, NULL);
  pthread_detach(thread);
  pthread_cancel(thread);
  pthread_join(thread, NULL);
  pthread_atfork(NULL, NULL, NULL);
  pthread_exit(NULL);

  return 0;
}

Performing C++ SOURCE FILE Test GGML_COMPILER_SUPPORTS_FP16_FORMAT_I3E failed with the following output:
Change Dir: /Users/bianha/Desktop/chat/WeChatAutoReply/app/.cxx/Debug/7124281r/arm64-v8a/CMakeFiles/CMakeTmp

Run Build Command(s):/Users/bianha/Library/Android/sdk/cmake/3.22.1/bin/ninja cmTC_83a6c && [1/2] Building CXX object CMakeFiles/cmTC_83a6c.dir/src.cxx.o
FAILED: CMakeFiles/cmTC_83a6c.dir/src.cxx.o 
/Users/bianha/Library/Android/sdk/ndk/25.1.8937393/toolchains/llvm/prebuilt/darwin-x86_64/bin/clang++ --target=aarch64-none-linux-android26 --sysroot=/Users/bianha/Library/Android/sdk/ndk/25.1.8937393/toolchains/llvm/prebuilt/darwin-x86_64/sysroot -DGGML_COMPILER_SUPPORTS_FP16_FORMAT_I3E  -g -DANDROID -fdata-sections -ffunction-sections -funwind-tables -fstack-protector-strong -no-canonical-prefixes -D_FORTIFY_SOURCE=2 -Wformat -Werror=format-security    -fPIE   -mfp16-format=ieee -std=gnu++17 -MD -MT CMakeFiles/cmTC_83a6c.dir/src.cxx.o -MF CMakeFiles/cmTC_83a6c.dir/src.cxx.o.d -o CMakeFiles/cmTC_83a6c.dir/src.cxx.o -c /Users/bianha/Desktop/chat/WeChatAutoReply/app/.cxx/Debug/7124281r/arm64-v8a/CMakeFiles/CMakeTmp/src.cxx
clang++: error: unknown argument: '-mfp16-format=ieee'
ninja: build stopped: subcommand failed.


Source file was:
int main() { return 0; }
Performing C++ SOURCE FILE Test HAVE_DOTPROD failed with the following output:
Change Dir: /Users/bianha/Desktop/chat/WeChatAutoReply/app/.cxx/Debug/7124281r/arm64-v8a/CMakeFiles/CMakeTmp

Run Build Command(s):/Users/bianha/Library/Android/sdk/cmake/3.22.1/bin/ninja cmTC_dbcad && [1/2] Building CXX object CMakeFiles/cmTC_dbcad.dir/src.cxx.o
FAILED: CMakeFiles/cmTC_dbcad.dir/src.cxx.o 
/Users/bianha/Library/Android/sdk/ndk/25.1.8937393/toolchains/llvm/prebuilt/darwin-x86_64/bin/clang++ --target=aarch64-none-linux-android26 --sysroot=/Users/bianha/Library/Android/sdk/ndk/25.1.8937393/toolchains/llvm/prebuilt/darwin-x86_64/sysroot -DHAVE_DOTPROD  -g -DANDROID -fdata-sections -ffunction-sections -funwind-tables -fstack-protector-strong -no-canonical-prefixes -D_FORTIFY_SOURCE=2 -Wformat -Werror=format-security    -fPIE -std=gnu++17 -MD -MT CMakeFiles/cmTC_dbcad.dir/src.cxx.o -MF CMakeFiles/cmTC_dbcad.dir/src.cxx.o.d -o CMakeFiles/cmTC_dbcad.dir/src.cxx.o -c /Users/bianha/Desktop/chat/WeChatAutoReply/app/.cxx/Debug/7124281r/arm64-v8a/CMakeFiles/CMakeTmp/src.cxx
/Users/bianha/Desktop/chat/WeChatAutoReply/app/.cxx/Debug/7124281r/arm64-v8a/CMakeFiles/CMakeTmp/src.cxx:3:24: error: "Feature DOTPROD is not defined"
                    #  error "Feature DOTPROD is not defined"
                       ^
1 error generated.
ninja: build stopped: subcommand failed.


Source file was:

                    #if !defined(__ARM_FEATURE_DOTPROD)
                    #  error "Feature DOTPROD is not defined"
                    #endif
                    int main() { return 0; }
                    
Performing C++ SOURCE FILE Test HAVE_SVE failed with the following output:
Change Dir: /Users/bianha/Desktop/chat/WeChatAutoReply/app/.cxx/Debug/7124281r/arm64-v8a/CMakeFiles/CMakeTmp

Run Build Command(s):/Users/bianha/Library/Android/sdk/cmake/3.22.1/bin/ninja cmTC_501b8 && [1/2] Building CXX object CMakeFiles/cmTC_501b8.dir/src.cxx.o
FAILED: CMakeFiles/cmTC_501b8.dir/src.cxx.o 
/Users/bianha/Library/Android/sdk/ndk/25.1.8937393/toolchains/llvm/prebuilt/darwin-x86_64/bin/clang++ --target=aarch64-none-linux-android26 --sysroot=/Users/bianha/Library/Android/sdk/ndk/25.1.8937393/toolchains/llvm/prebuilt/darwin-x86_64/sysroot -DHAVE_SVE  -g -DANDROID -fdata-sections -ffunction-sections -funwind-tables -fstack-protector-strong -no-canonical-prefixes -D_FORTIFY_SOURCE=2 -Wformat -Werror=format-security    -fPIE -std=gnu++17 -MD -MT CMakeFiles/cmTC_501b8.dir/src.cxx.o -MF CMakeFiles/cmTC_501b8.dir/src.cxx.o.d -o CMakeFiles/cmTC_501b8.dir/src.cxx.o -c /Users/bianha/Desktop/chat/WeChatAutoReply/app/.cxx/Debug/7124281r/arm64-v8a/CMakeFiles/CMakeTmp/src.cxx
/Users/bianha/Desktop/chat/WeChatAutoReply/app/.cxx/Debug/7124281r/arm64-v8a/CMakeFiles/CMakeTmp/src.cxx:3:24: error: "Feature SVE is not defined"
                    #  error "Feature SVE is not defined"
                       ^
1 error generated.
ninja: build stopped: subcommand failed.


Source file was:

                    #if !defined(__ARM_FEATURE_SVE)
                    #  error "Feature SVE is not defined"
                    #endif
                    int main() { return 0; }
                    
Performing C++ SOURCE FILE Test HAVE_MATMUL_INT8 failed with the following output:
Change Dir: /Users/bianha/Desktop/chat/WeChatAutoReply/app/.cxx/Debug/7124281r/arm64-v8a/CMakeFiles/CMakeTmp

Run Build Command(s):/Users/bianha/Library/Android/sdk/cmake/3.22.1/bin/ninja cmTC_ed701 && [1/2] Building CXX object CMakeFiles/cmTC_ed701.dir/src.cxx.o
FAILED: CMakeFiles/cmTC_ed701.dir/src.cxx.o 
/Users/bianha/Library/Android/sdk/ndk/25.1.8937393/toolchains/llvm/prebuilt/darwin-x86_64/bin/clang++ --target=aarch64-none-linux-android26 --sysroot=/Users/bianha/Library/Android/sdk/ndk/25.1.8937393/toolchains/llvm/prebuilt/darwin-x86_64/sysroot -DHAVE_MATMUL_INT8  -g -DANDROID -fdata-sections -ffunction-sections -funwind-tables -fstack-protector-strong -no-canonical-prefixes -D_FORTIFY_SOURCE=2 -Wformat -Werror=format-security    -fPIE -std=gnu++17 -MD -MT CMakeFiles/cmTC_ed701.dir/src.cxx.o -MF CMakeFiles/cmTC_ed701.dir/src.cxx.o.d -o CMakeFiles/cmTC_ed701.dir/src.cxx.o -c /Users/bianha/Desktop/chat/WeChatAutoReply/app/.cxx/Debug/7124281r/arm64-v8a/CMakeFiles/CMakeTmp/src.cxx
/Users/bianha/Desktop/chat/WeChatAutoReply/app/.cxx/Debug/7124281r/arm64-v8a/CMakeFiles/CMakeTmp/src.cxx:3:24: error: "Feature MATMUL_INT8 is not defined"
                    #  error "Feature MATMUL_INT8 is not defined"
                       ^
1 error generated.
ninja: build stopped: subcommand failed.


Source file was:

                    #if !defined(__ARM_FEATURE_MATMUL_INT8)
                    #  error "Feature MATMUL_INT8 is not defined"
                    #endif
                    int main() { return 0; }
                    
Performing C++ SOURCE FILE Test HAVE_FP16_VECTOR_ARITHMETIC failed with the following output:
Change Dir: /Users/bianha/Desktop/chat/WeChatAutoReply/app/.cxx/Debug/7124281r/arm64-v8a/CMakeFiles/CMakeTmp

Run Build Command(s):/Users/bianha/Library/Android/sdk/cmake/3.22.1/bin/ninja cmTC_49eb9 && [1/2] Building CXX object CMakeFiles/cmTC_49eb9.dir/src.cxx.o
FAILED: CMakeFiles/cmTC_49eb9.dir/src.cxx.o 
/Users/bianha/Library/Android/sdk/ndk/25.1.8937393/toolchains/llvm/prebuilt/darwin-x86_64/bin/clang++ --target=aarch64-none-linux-android26 --sysroot=/Users/bianha/Library/Android/sdk/ndk/25.1.8937393/toolchains/llvm/prebuilt/darwin-x86_64/sysroot -DHAVE_FP16_VECTOR_ARITHMETIC  -g -DANDROID -fdata-sections -ffunction-sections -funwind-tables -fstack-protector-strong -no-canonical-prefixes -D_FORTIFY_SOURCE=2 -Wformat -Werror=format-security    -fPIE -std=gnu++17 -MD -MT CMakeFiles/cmTC_49eb9.dir/src.cxx.o -MF CMakeFiles/cmTC_49eb9.dir/src.cxx.o.d -o CMakeFiles/cmTC_49eb9.dir/src.cxx.o -c /Users/bianha/Desktop/chat/WeChatAutoReply/app/.cxx/Debug/7124281r/arm64-v8a/CMakeFiles/CMakeTmp/src.cxx
/Users/bianha/Desktop/chat/WeChatAutoReply/app/.cxx/Debug/7124281r/arm64-v8a/CMakeFiles/CMakeTmp/src.cxx:3:24: error: "Feature FP16_VECTOR_ARITHMETIC is not defined"
                    #  error "Feature FP16_VECTOR_ARITHMETIC is not defined"
                       ^
1 error generated.
ninja: build stopped: subcommand failed.


Source file was:

                    #if !defined(__ARM_FEATURE_FP16_VECTOR_ARITHMETIC)
                    #  error "Feature FP16_VECTOR_ARITHMETIC is not defined"
                    #endif
                    int main() { return 0; }
                    
Performing C++ SOURCE FILE Test HAVE_SME failed with the following output:
Change Dir: /Users/bianha/Desktop/chat/WeChatAutoReply/app/.cxx/Debug/7124281r/arm64-v8a/CMakeFiles/CMakeTmp

Run Build Command(s):/Users/bianha/Library/Android/sdk/cmake/3.22.1/bin/ninja cmTC_74ecf && [1/2] Building CXX object CMakeFiles/cmTC_74ecf.dir/src.cxx.o
FAILED: CMakeFiles/cmTC_74ecf.dir/src.cxx.o 
/Users/bianha/Library/Android/sdk/ndk/25.1.8937393/toolchains/llvm/prebuilt/darwin-x86_64/bin/clang++ --target=aarch64-none-linux-android26 --sysroot=/Users/bianha/Library/Android/sdk/ndk/25.1.8937393/toolchains/llvm/prebuilt/darwin-x86_64/sysroot -DHAVE_SME  -g -DANDROID -fdata-sections -ffunction-sections -funwind-tables -fstack-protector-strong -no-canonical-prefixes -D_FORTIFY_SOURCE=2 -Wformat -Werror=format-security    -fPIE -std=gnu++17 -MD -MT CMakeFiles/cmTC_74ecf.dir/src.cxx.o -MF CMakeFiles/cmTC_74ecf.dir/src.cxx.o.d -o CMakeFiles/cmTC_74ecf.dir/src.cxx.o -c /Users/bianha/Desktop/chat/WeChatAutoReply/app/.cxx/Debug/7124281r/arm64-v8a/CMakeFiles/CMakeTmp/src.cxx
/Users/bianha/Desktop/chat/WeChatAutoReply/app/.cxx/Debug/7124281r/arm64-v8a/CMakeFiles/CMakeTmp/src.cxx:3:24: error: "Feature SME is not defined"
                    #  error "Feature SME is not defined"
                       ^
1 error generated.
ninja: build stopped: subcommand failed.


Source file was:

                    #if !defined(__ARM_FEATURE_SME)
                    #  error "Feature SME is not defined"
                    #endif
                    int main() { return 0; }
                    
